This is pdfTeX, Version 3.14159265-2.6-1.40.17 (TeX Live 2016) (preloaded format=pdflatex 2017.4.19)  22 MAY 2017 14:44
entering extended mode
 restricted \write18 enabled.
 %&-line parsing enabled.
**tro-ids.tex
(./tro-ids.tex
LaTeX2e <2017/01/01> patch level 3
Babel <3.9r> and hyphenation patterns for 83 language(s) loaded.
(./styles/IEEEtran.cls

LaTeX Warning: You have requested document class `styles/IEEEtran',
               but the document class provides `IEEEtran'.

Document Class: IEEEtran 2007/03/05 V1.7a by Michael Shell
-- See the "IEEEtran_HOWTO" manual for usage information.
-- http://www.michaelshell.org/tex/ieeetran/
\@IEEEtrantmpdimenA=\dimen102
\@IEEEtrantmpdimenB=\dimen103
\@IEEEtrantmpcountA=\count79
\@IEEEtrantmpcountB=\count80
\@IEEEtrantmptoksA=\toks14
LaTeX Font Info:    Try loading font information for OT1+ptm on input line 366.

(/usr/local/texlive/2016/texmf-dist/tex/latex/psnfss/ot1ptm.fd
File: ot1ptm.fd 2001/06/04 font definitions for OT1/ptm.
)
** ATTENTION: Single column mode is not typically used with IEEE publications.
-- Using 8.5in x 11in (letter) paper.
-- Using PDF output.
\@IEEEnormalsizeunitybaselineskip=\dimen104
-- This is a 12 point document.
\CLASSINFOnormalsizebaselineskip=\dimen105
\CLASSINFOnormalsizeunitybaselineskip=\dimen106
\IEEEnormaljot=\dimen107
LaTeX Font Info:    Font shape `OT1/ptm/bx/n' in size <6> not available
(Font)              Font shape `OT1/ptm/b/n' tried instead on input line 724.
LaTeX Font Info:    Font shape `OT1/ptm/bx/it' in size <6> not available
(Font)              Font shape `OT1/ptm/b/it' tried instead on input line 724.
LaTeX Font Info:    Font shape `OT1/ptm/bx/n' in size <8> not available
(Font)              Font shape `OT1/ptm/b/n' tried instead on input line 724.
LaTeX Font Info:    Font shape `OT1/ptm/bx/it' in size <8> not available
(Font)              Font shape `OT1/ptm/b/it' tried instead on input line 724.
LaTeX Font Info:    Font shape `OT1/ptm/bx/n' in size <9> not available
(Font)              Font shape `OT1/ptm/b/n' tried instead on input line 724.
LaTeX Font Info:    Font shape `OT1/ptm/bx/it' in size <9> not available
(Font)              Font shape `OT1/ptm/b/it' tried instead on input line 724.
LaTeX Font Info:    Font shape `OT1/ptm/bx/n' in size <10> not available
(Font)              Font shape `OT1/ptm/b/n' tried instead on input line 724.
LaTeX Font Info:    Font shape `OT1/ptm/bx/it' in size <10> not available
(Font)              Font shape `OT1/ptm/b/it' tried instead on input line 724.
LaTeX Font Info:    Font shape `OT1/ptm/bx/n' in size <12> not available
(Font)              Font shape `OT1/ptm/b/n' tried instead on input line 724.
LaTeX Font Info:    Font shape `OT1/ptm/bx/it' in size <12> not available
(Font)              Font shape `OT1/ptm/b/it' tried instead on input line 724.
LaTeX Font Info:    Font shape `OT1/ptm/bx/n' in size <14> not available
(Font)              Font shape `OT1/ptm/b/n' tried instead on input line 724.
LaTeX Font Info:    Font shape `OT1/ptm/bx/it' in size <14> not available
(Font)              Font shape `OT1/ptm/b/it' tried instead on input line 724.
LaTeX Font Info:    Font shape `OT1/ptm/bx/n' in size <20> not available
(Font)              Font shape `OT1/ptm/b/n' tried instead on input line 724.
LaTeX Font Info:    Font shape `OT1/ptm/bx/it' in size <20> not available
(Font)              Font shape `OT1/ptm/b/it' tried instead on input line 724.
LaTeX Font Info:    Font shape `OT1/ptm/bx/n' in size <22> not available
(Font)              Font shape `OT1/ptm/b/n' tried instead on input line 724.
LaTeX Font Info:    Font shape `OT1/ptm/bx/it' in size <22> not available
(Font)              Font shape `OT1/ptm/b/it' tried instead on input line 724.
LaTeX Font Info:    Font shape `OT1/ptm/bx/n' in size <24> not available
(Font)              Font shape `OT1/ptm/b/n' tried instead on input line 724.
LaTeX Font Info:    Font shape `OT1/ptm/bx/it' in size <24> not available
(Font)              Font shape `OT1/ptm/b/it' tried instead on input line 724.
\IEEEilabelindentA=\dimen108
\IEEEilabelindentB=\dimen109
\IEEEilabelindent=\dimen110
\IEEEelabelindent=\dimen111
\IEEEdlabelindent=\dimen112
\IEEElabelindent=\dimen113
\IEEEiednormlabelsep=\dimen114
\IEEEiedmathlabelsep=\dimen115
\IEEEiedtopsep=\skip41
\c@section=\count81
\c@subsection=\count82
\c@subsubsection=\count83
\c@paragraph=\count84
\c@IEEEsubequation=\count85
\abovecaptionskip=\skip42
\belowcaptionskip=\skip43
\c@figure=\count86
\c@table=\count87
\@IEEEeqnnumcols=\count88
\@IEEEeqncolcnt=\count89
\@IEEEtmpitemindent=\dimen116
\c@IEEEbiography=\count90
\@IEEEtranrubishbin=\box26
)
\@input{af-defs.aux}
\openout2 = `af-defs.aux'.

(./af-defs.tex
(/usr/local/texlive/2016/texmf-dist/tex/latex/amsfonts/amssymb.sty
Package: amssymb 2013/01/14 v3.01 AMS font symbols

(/usr/local/texlive/2016/texmf-dist/tex/latex/amsfonts/amsfonts.sty
Package: amsfonts 2013/01/14 v3.01 Basic AMSFonts support
\@emptytoks=\toks15
\symAMSa=\mathgroup4
\symAMSb=\mathgroup5
LaTeX Font Info:    Overwriting math alphabet `\mathfrak' in version `bold'
(Font)                  U/euf/m/n --> U/euf/b/n on input line 106.
))
(/usr/local/texlive/2016/texmf-dist/tex/latex/amsmath/amsmath.sty
Package: amsmath 2016/11/05 v2.16a AMS math features
\@mathmargin=\skip44

For additional information on amsmath, use the `?' option.
(/usr/local/texlive/2016/texmf-dist/tex/latex/amsmath/amstext.sty
Package: amstext 2000/06/29 v2.01 AMS text

(/usr/local/texlive/2016/texmf-dist/tex/latex/amsmath/amsgen.sty
File: amsgen.sty 1999/11/30 v2.0 generic functions
\@emptytoks=\toks16
\ex@=\dimen117
))
(/usr/local/texlive/2016/texmf-dist/tex/latex/amsmath/amsbsy.sty
Package: amsbsy 1999/11/29 v1.2d Bold Symbols
\pmbraise@=\dimen118
)
(/usr/local/texlive/2016/texmf-dist/tex/latex/amsmath/amsopn.sty
Package: amsopn 2016/03/08 v2.02 operator names
)
\inf@bad=\count91
LaTeX Info: Redefining \frac on input line 213.
\uproot@=\count92
\leftroot@=\count93
LaTeX Info: Redefining \overline on input line 375.
\classnum@=\count94
\DOTSCASE@=\count95
LaTeX Info: Redefining \ldots on input line 472.
LaTeX Info: Redefining \dots on input line 475.
LaTeX Info: Redefining \cdots on input line 596.
\Mathstrutbox@=\box27
\strutbox@=\box28
\big@size=\dimen119
LaTeX Font Info:    Redeclaring font encoding OML on input line 712.
LaTeX Font Info:    Redeclaring font encoding OMS on input line 713.
\macc@depth=\count96
\c@MaxMatrixCols=\count97
\dotsspace@=\muskip10
\c@parentequation=\count98
\dspbrk@lvl=\count99
\tag@help=\toks17
\row@=\count100
\column@=\count101
\maxfields@=\count102
\andhelp@=\toks18
\eqnshift@=\dimen120
\alignsep@=\dimen121
\tagshift@=\dimen122
\tagwidth@=\dimen123
\totwidth@=\dimen124
\lineht@=\dimen125
\@envbody=\toks19
\multlinegap=\skip45
\multlinetaggap=\skip46
\mathdisplay@stack=\toks20
LaTeX Info: Redefining \[ on input line 2817.
LaTeX Info: Redefining \] on input line 2818.
)
(/usr/local/texlive/2016/texmf-dist/tex/latex/base/latexsym.sty
Package: latexsym 1998/08/17 v2.2e Standard LaTeX package (lasy symbols)
\symlasy=\mathgroup6
LaTeX Font Info:    Overwriting symbol font `lasy' in version `bold'
(Font)                  U/lasy/m/n --> U/lasy/b/n on input line 52.
)
(/usr/local/texlive/2016/texmf-dist/tex/latex/jknapltx/mathrsfs.sty
Package: mathrsfs 1996/01/01 Math RSFS package v1.0 (jk)
\symrsfs=\mathgroup7
)
(/usr/local/texlive/2016/texmf-dist/tex/generic/babel/babel.sty
Package: babel 2016/04/23 3.9r The Babel package

(/usr/local/texlive/2016/texmf-dist/tex/generic/babel-english/english.ldf
Language: english 2017/01/24 v3.3q English support from the babel system

(/usr/local/texlive/2016/texmf-dist/tex/generic/babel/babel.def
File: babel.def 2016/04/23 3.9r Babel common definitions
\babel@savecnt=\count103
\U@D=\dimen126
)
\l@canadian = a dialect from \language\l@american 
\l@australian = a dialect from \language\l@british 
\l@newzealand = a dialect from \language\l@british 
))
(/usr/local/texlive/2016/texmf-dist/tex/latex/graphics/graphicx.sty
Package: graphicx 2014/10/28 v1.0g Enhanced LaTeX Graphics (DPC,SPQR)

(/usr/local/texlive/2016/texmf-dist/tex/latex/graphics/keyval.sty
Package: keyval 2014/10/28 v1.15 key=value parser (DPC)
\KV@toks@=\toks21
)
(/usr/local/texlive/2016/texmf-dist/tex/latex/graphics/graphics.sty
Package: graphics 2016/10/09 v1.0u Standard LaTeX Graphics (DPC,SPQR)

(/usr/local/texlive/2016/texmf-dist/tex/latex/graphics/trig.sty
Package: trig 2016/01/03 v1.10 sin cos tan (DPC)
)
(/usr/local/texlive/2016/texmf-dist/tex/latex/graphics-cfg/graphics.cfg
File: graphics.cfg 2016/06/04 v1.11 sample graphics configuration
)
Package graphics Info: Driver file: dvips.def on input line 99.

(/usr/local/texlive/2016/texmf-dist/tex/latex/graphics-def/dvips.def
File: dvips.def 2016/07/10 v3.1a Driver-dependent file (DPC,SPQR)
))
\Gin@req@height=\dimen127
\Gin@req@width=\dimen128
)
(/usr/local/texlive/2016/texmf-dist/tex/latex/base/inputenc.sty
Package: inputenc 2015/03/17 v1.2c Input encoding file
\inpenc@prehook=\toks22
\inpenc@posthook=\toks23

(/usr/local/texlive/2016/texmf-dist/tex/latex/base/cp1252.def
File: cp1252.def 2015/03/17 v1.2c Input encoding file
)
(/usr/local/texlive/2016/texmf-dist/tex/latex/base/latin1.def
File: latin1.def 2015/03/17 v1.2c Input encoding file
))
(/usr/local/texlive/2016/texmf-dist/tex/latex/graphics/epsfig.sty
Package: epsfig 1999/02/16 v1.7a (e)psfig emulation (SPQR)
\epsfxsize=\dimen129
\epsfysize=\dimen130
)
(/usr/local/texlive/2016/texmf-dist/tex/latex/graphics/color.sty
Package: color 2016/07/10 v1.1e Standard LaTeX Color (DPC)

(/usr/local/texlive/2016/texmf-dist/tex/latex/graphics-cfg/color.cfg
File: color.cfg 2016/01/02 v1.6 sample color configuration
)
Package color Info: Driver file: pdftex.def on input line 147.

(/usr/local/texlive/2016/texmf-dist/tex/latex/graphics-def/pdftex.def
File: pdftex.def 2017/01/12 v0.06k Graphics/color for pdfTeX

(/usr/local/texlive/2016/texmf-dist/tex/generic/oberdiek/infwarerr.sty
Package: infwarerr 2016/05/16 v1.4 Providing info/warning/error messages (HO)
)
(/usr/local/texlive/2016/texmf-dist/tex/generic/oberdiek/ltxcmds.sty
Package: ltxcmds 2016/05/16 v1.23 LaTeX kernel commands for general use (HO)
)
\Gread@gobject=\count104
))
(/usr/local/texlive/2016/texmf-dist/tex/latex/cite/cite.sty
LaTeX Info: Redefining \cite on input line 302.
LaTeX Info: Redefining \nocite on input line 332.
Package: cite 2015/02/27  v 5.5
)
(/usr/local/texlive/2016/texmf-dist/tex/latex/hyperref/hyperref.sty
Package: hyperref 2017/03/14 v6.85a Hypertext links for LaTeX

(/usr/local/texlive/2016/texmf-dist/tex/generic/oberdiek/hobsub-hyperref.sty
Package: hobsub-hyperref 2016/05/16 v1.14 Bundle oberdiek, subset hyperref (HO)


(/usr/local/texlive/2016/texmf-dist/tex/generic/oberdiek/hobsub-generic.sty
Package: hobsub-generic 2016/05/16 v1.14 Bundle oberdiek, subset generic (HO)
Package: hobsub 2016/05/16 v1.14 Construct package bundles (HO)
Package hobsub Info: Skipping package `infwarerr' (already loaded).
Package hobsub Info: Skipping package `ltxcmds' (already loaded).
Package: ifluatex 2016/05/16 v1.4 Provides the ifluatex switch (HO)
Package ifluatex Info: LuaTeX not detected.
Package: ifvtex 2016/05/16 v1.6 Detect VTeX and its facilities (HO)
Package ifvtex Info: VTeX not detected.
Package: intcalc 2016/05/16 v1.2 Expandable calculations with integers (HO)
Package: ifpdf 2017/03/15 v3.2 Provides the ifpdf switch
Package: etexcmds 2016/05/16 v1.6 Avoid name clashes with e-TeX commands (HO)
Package etexcmds Info: Could not find \expanded.
(etexcmds)             That can mean that you are not using pdfTeX 1.50 or
(etexcmds)             that some package has redefined \expanded.
(etexcmds)             In the latter case, load this package earlier.
Package: kvsetkeys 2016/05/16 v1.17 Key value parser (HO)
Package: kvdefinekeys 2016/05/16 v1.4 Define keys (HO)
Package: pdftexcmds 2017/03/19 v0.25 Utility functions of pdfTeX for LuaTeX (HO
)
Package pdftexcmds Info: LuaTeX not detected.
Package pdftexcmds Info: \pdf@primitive is available.
Package pdftexcmds Info: \pdf@ifprimitive is available.
Package pdftexcmds Info: \pdfdraftmode found.
Package: pdfescape 2016/05/16 v1.14 Implements pdfTeX's escape features (HO)
Package: bigintcalc 2016/05/16 v1.4 Expandable calculations on big integers (HO
)
Package: bitset 2016/05/16 v1.2 Handle bit-vector datatype (HO)
Package: uniquecounter 2016/05/16 v1.3 Provide unlimited unique counter (HO)
)
Package hobsub Info: Skipping package `hobsub' (already loaded).
Package: letltxmacro 2016/05/16 v1.5 Let assignment for LaTeX macros (HO)
Package: hopatch 2016/05/16 v1.3 Wrapper for package hooks (HO)
Package: xcolor-patch 2016/05/16 xcolor patch
Package: atveryend 2016/05/16 v1.9 Hooks at the very end of document (HO)
Package atveryend Info: \enddocument detected (standard20110627).
Package: atbegshi 2016/06/09 v1.18 At begin shipout hook (HO)
Package: refcount 2016/05/16 v3.5 Data extraction from label references (HO)
Package: hycolor 2016/05/16 v1.8 Color options for hyperref/bookmark (HO)
)
(/usr/local/texlive/2016/texmf-dist/tex/generic/ifxetex/ifxetex.sty
Package: ifxetex 2010/09/12 v0.6 Provides ifxetex conditional
)
(/usr/local/texlive/2016/texmf-dist/tex/latex/oberdiek/auxhook.sty
Package: auxhook 2016/05/16 v1.4 Hooks for auxiliary files (HO)
)
(/usr/local/texlive/2016/texmf-dist/tex/latex/oberdiek/kvoptions.sty
Package: kvoptions 2016/05/16 v3.12 Key value format for package options (HO)
)
\@linkdim=\dimen131
\Hy@linkcounter=\count105
\Hy@pagecounter=\count106

(/usr/local/texlive/2016/texmf-dist/tex/latex/hyperref/pd1enc.def
File: pd1enc.def 2017/03/14 v6.85a Hyperref: PDFDocEncoding definition (HO)
)
\Hy@SavedSpaceFactor=\count107

(/usr/local/texlive/2016/texmf-dist/tex/latex/latexconfig/hyperref.cfg
File: hyperref.cfg 2002/06/06 v1.2 hyperref configuration of TeXLive
)
Package hyperref Info: Hyper figures OFF on input line 4498.
Package hyperref Info: Link nesting OFF on input line 4503.
Package hyperref Info: Hyper index ON on input line 4506.
Package hyperref Info: Plain pages OFF on input line 4513.
Package hyperref Info: Backreferencing OFF on input line 4518.
Package hyperref Info: Implicit mode ON; LaTeX internals redefined.
Package hyperref Info: Bookmarks ON on input line 4751.
\c@Hy@tempcnt=\count108

(/usr/local/texlive/2016/texmf-dist/tex/latex/url/url.sty
\Urlmuskip=\muskip11
Package: url 2013/09/16  ver 3.4  Verb mode for urls, etc.
)
LaTeX Info: Redefining \url on input line 5104.
\XeTeXLinkMargin=\dimen132
\Fld@menulength=\count109
\Field@Width=\dimen133
\Fld@charsize=\dimen134
Package hyperref Info: Hyper figures OFF on input line 6358.
Package hyperref Info: Link nesting OFF on input line 6363.
Package hyperref Info: Hyper index ON on input line 6366.
Package hyperref Info: backreferencing OFF on input line 6373.
Package hyperref Info: Link coloring OFF on input line 6378.
Package hyperref Info: Link coloring with OCG OFF on input line 6383.
Package hyperref Info: PDF/A mode OFF on input line 6388.
LaTeX Info: Redefining \ref on input line 6428.
LaTeX Info: Redefining \pageref on input line 6432.
\Hy@abspage=\count110
\c@Item=\count111
\c@Hfootnote=\count112
)

Package hyperref Message: Driver (autodetected): hpdftex.

(/usr/local/texlive/2016/texmf-dist/tex/latex/hyperref/hpdftex.def
File: hpdftex.def 2017/03/14 v6.85a Hyperref driver for pdfTeX
\Fld@listcount=\count113
\c@bookmark@seq@number=\count114

(/usr/local/texlive/2016/texmf-dist/tex/latex/oberdiek/rerunfilecheck.sty
Package: rerunfilecheck 2016/05/16 v1.8 Rerun checks for auxiliary files (HO)
Package uniquecounter Info: New unique counter `rerunfilecheck' on input line 2
82.
)
\Hy@SectionHShift=\skip47
)
(/usr/local/texlive/2016/texmf-dist/tex/latex/listings/listings.sty
\lst@mode=\count115
\lst@gtempboxa=\box29
\lst@token=\toks24
\lst@length=\count116
\lst@currlwidth=\dimen135
\lst@column=\count117
\lst@pos=\count118
\lst@lostspace=\dimen136
\lst@width=\dimen137
\lst@newlines=\count119
\lst@lineno=\count120
\lst@maxwidth=\dimen138

(/usr/local/texlive/2016/texmf-dist/tex/latex/listings/lstmisc.sty
File: lstmisc.sty 2015/06/04 1.6 (Carsten Heinz)
\c@lstnumber=\count121
\lst@skipnumbers=\count122
\lst@framebox=\box30
)
(/usr/local/texlive/2016/texmf-dist/tex/latex/listings/listings.cfg
File: listings.cfg 2015/06/04 1.6 listings configuration
))
Package: listings 2015/06/04 1.6 (Carsten Heinz)

(/usr/local/texlive/2016/texmf-dist/tex/latex/setspace/setspace.sty
Package: setspace 2011/12/19 v6.7a set line spacing
)
(/usr/local/texlive/2016/texmf-dist/tex/latex/base/makeidx.sty
Package: makeidx 2014/09/29 v1.0m Standard LaTeX package
)
(/usr/local/texlive/2016/texmf-dist/tex/latex/glossaries/base/glossaries.sty
Package: glossaries 2017/01/19 v4.29 (NLCT)

(/usr/local/texlive/2016/texmf-dist/tex/latex/base/ifthen.sty
Package: ifthen 2014/09/29 v1.1c Standard LaTeX ifthen package (DPC)
)
(/usr/local/texlive/2016/texmf-dist/tex/latex/xkeyval/xkeyval.sty
Package: xkeyval 2014/12/03 v2.7a package option processing (HA)

(/usr/local/texlive/2016/texmf-dist/tex/generic/xkeyval/xkeyval.tex
(/usr/local/texlive/2016/texmf-dist/tex/generic/xkeyval/xkvutils.tex
\XKV@toks=\toks25
\XKV@tempa@toks=\toks26
)
\XKV@depth=\count123
File: xkeyval.tex 2014/12/03 v2.7a key=value parser (HA)
))
(/usr/local/texlive/2016/texmf-dist/tex/latex/mfirstuc/mfirstuc.sty
Package: mfirstuc 2016/07/31 v2.04 (NLCT)

(/usr/local/texlive/2016/texmf-dist/tex/latex/etoolbox/etoolbox.sty
Package: etoolbox 2017/01/02 v2.4 e-TeX tools for LaTeX (JAW)
\etb@tempcnta=\count124
)
\@glsmfirst=\toks27
\@glsmrest=\toks28
)
(/usr/local/texlive/2016/texmf-dist/tex/latex/textcase/textcase.sty
Package: textcase 2004/10/07 v0.07 Text only upper/lower case changing (DPC)
)
(/usr/local/texlive/2016/texmf-dist/tex/latex/xfor/xfor.sty
Package: xfor 2009/02/05 v1.05 (NLCT)
)
(/usr/local/texlive/2016/texmf-dist/tex/latex/datatool/datatool-base.sty
Package: datatool-base 2016/07/28 v2.27 (NLCT)

(/usr/local/texlive/2016/texmf-dist/tex/latex/substr/substr.sty
Package: substr 2009/10/20 v1.2 Handle substrings
\c@su@anzahl=\count125
)
(/usr/local/texlive/2016/texmf-dist/tex/latex/datatool/datatool-fp.sty
Package: datatool-fp 2016/07/28 v2.27 (NLCT)

(/usr/local/texlive/2016/texmf-dist/tex/latex/fp/fp.sty
Package: fp 1995/04/02

`Fixed Point Package', Version 0.8, April 2, 1995 (C) Michael Mehlich
(/usr/local/texlive/2016/texmf-dist/tex/latex/fp/defpattern.sty
Package: defpattern 1994/10/12
\actioncount=\count126
)
(/usr/local/texlive/2016/texmf-dist/tex/latex/fp/fp-basic.sty
Package: fp-basic 1996/05/13
\FP@xs=\count127
\FP@xia=\count128
\FP@xib=\count129
\FP@xfa=\count130
\FP@xfb=\count131
\FP@rega=\count132
\FP@regb=\count133
\FP@regs=\count134
\FP@times=\count135
)
(/usr/local/texlive/2016/texmf-dist/tex/latex/fp/fp-addons.sty
Package: fp-addons 1995/03/15
)
(/usr/local/texlive/2016/texmf-dist/tex/latex/fp/fp-snap.sty
Package: fp-snap 1995/04/05
)
(/usr/local/texlive/2016/texmf-dist/tex/latex/fp/fp-exp.sty
Package: fp-exp 1995/04/03
)
(/usr/local/texlive/2016/texmf-dist/tex/latex/fp/fp-trigo.sty
Package: fp-trigo 1995/04/14
)
(/usr/local/texlive/2016/texmf-dist/tex/latex/fp/fp-pas.sty
Package: fp-pas 1994/08/29
)
(/usr/local/texlive/2016/texmf-dist/tex/latex/fp/fp-random.sty
Package: fp-random 1995/02/23
\FPseed=\count136
)
(/usr/local/texlive/2016/texmf-dist/tex/latex/fp/fp-eqn.sty
Package: fp-eqn 1995/04/03
)
(/usr/local/texlive/2016/texmf-dist/tex/latex/fp/fp-upn.sty
Package: fp-upn 1996/10/21
)
(/usr/local/texlive/2016/texmf-dist/tex/latex/fp/fp-eval.sty
Package: fp-eval 1995/04/03
)))
\@dtl@toks=\toks29
\@dtl@tmpcount=\count137
\dtl@tmplength=\skip48
\dtl@sortresult=\count138
\@dtl@numgrpsepcount=\count139
\@dtl@datatype=\count140
\dtl@codeA=\count141
\dtl@codeB=\count142
\@dtl@foreach@level=\count143
)
(/usr/local/texlive/2016/texmf-dist/tex/latex/glossaries/base/glossaries-compat
ible-307.sty
Package: glossaries-compatible-307 2017/01/19 v4.29 (NLCT)
)
(/usr/local/texlive/2016/texmf-dist/tex/latex/tracklang/tracklang.sty
Package: tracklang 2017/03/25 v1.3.4 (NLCT) Track Languages

(/usr/local/texlive/2016/texmf-dist/tex/generic/tracklang/tracklang.tex))
(/usr/local/texlive/2016/texmf-dist/tex/latex/beamer/translator/translator.sty
Package: translator 2010/06/12 ver 1.10

(/usr/local/texlive/2016/texmf-dist/tex/latex/beamer/translator/translator-lang
uage-mappings.tex))
(/usr/local/texlive/2016/texmf-dist/tex/latex/glossaries-english/glossaries-eng
lish.ldf
File: glossaries-english.ldf 2014/11/23 v1.0
)
\gls@level=\count144
\@gls@tmpb=\toks30
\gls@tmplen=\skip49
\glskeylisttok=\toks31
\glslabeltok=\toks32
\glsshorttok=\toks33
\glslongtok=\toks34

(/usr/local/texlive/2016/texmf-dist/tex/latex/glossaries/styles/glossary-hypern
av.sty
Package: glossary-hypernav 2017/01/19 v4.29 (NLCT)
)
(/usr/local/texlive/2016/texmf-dist/tex/latex/glossaries/styles/glossary-list.s
ty
Package: glossary-list 2017/01/19 v4.29 (NLCT)
\glslistdottedwidth=\skip50
)
(/usr/local/texlive/2016/texmf-dist/tex/latex/glossaries/styles/glossary-long.s
ty
Package: glossary-long 2017/01/19 v4.29 (NLCT)
 (/usr/local/texlive/2016/texmf-dist/tex/latex/tools/longtable.sty
Package: longtable 2014/10/28 v4.11 Multi-page Table package (DPC)
\LTleft=\skip51
\LTright=\skip52
\LTpre=\skip53
\LTpost=\skip54
\LTchunksize=\count145
\LTcapwidth=\dimen139
\LT@head=\box31
\LT@firsthead=\box32
\LT@foot=\box33
\LT@lastfoot=\box34
\LT@cols=\count146
\LT@rows=\count147
\c@LT@tables=\count148
\c@LT@chunks=\count149
\LT@p@ftn=\toks35
)
\glsdescwidth=\skip55
\glspagelistwidth=\skip56
)
(/usr/local/texlive/2016/texmf-dist/tex/latex/glossaries/styles/glossary-super.
sty
Package: glossary-super 2017/01/19 v4.29 (NLCT)
 (/usr/local/texlive/2016/texmf-dist/tex/latex/supertabular/supertabular.sty
Package: supertabular 2004/02/20 v4.1e the supertabular environment
\c@tracingst=\count150
\ST@wd=\dimen140
\ST@rightskip=\skip57
\ST@leftskip=\skip58
\ST@parfillskip=\skip59
\ST@pageleft=\dimen141
\ST@headht=\dimen142
\ST@tailht=\dimen143
\ST@pagesofar=\dimen144
\ST@pboxht=\dimen145
\ST@lineht=\dimen146
\ST@stretchht=\dimen147
\ST@prevht=\dimen148
\ST@toadd=\dimen149
\ST@dimen=\dimen150
\ST@pbox=\box35
))
(/usr/local/texlive/2016/texmf-dist/tex/latex/glossaries/styles/glossary-tree.s
ty
Package: glossary-tree 2017/01/19 v4.29 (NLCT)
\glstreeindent=\skip60
)) (/usr/local/texlive/2016/texmf-dist/tex/latex/sttools/flushend.sty
Package: flushend 2017/03/27 v3.3 Balancing columns in twocolumn mode
\flushend@@lastskip@a=\skip61
\flushend@@lastskip@b=\skip62
\flushend@@lastskip@c=\skip63
\flushend@@penalty@a=\count151
\flushend@@lastkern@a=\dimen151
\var@@temp@spread=\dimen152
\var@@temp@a=\dimen153
\flushend@@page@rule=\dimen154
\flushend@@varbox@a=\box36
\flushend@@varbox@c=\box37
\flushend@@tempbox@a=\box38
\flushend@@tempbox@c=\box39
\@viper=\box40
\hold@viper=\box41
\atColsBreak=\toks36
\atColsEnd=\toks37
)
(/usr/local/texlive/2016/texmf-dist/tex/latex/subfig/subfig.sty
Package: subfig 2005/06/28 ver: 1.3 subfig package

(/usr/local/texlive/2016/texmf-dist/tex/latex/caption/caption3.sty
Package: caption3 2016/05/22 v1.7-166 caption3 kernel (AR)
Package caption3 Info: TeX engine: e-TeX on input line 67.
\captionmargin=\dimen155
\captionmargin@=\dimen156
\captionwidth=\dimen157
\caption@tempdima=\dimen158
\caption@indent=\dimen159
\caption@parindent=\dimen160
\caption@hangindent=\dimen161
Package caption Info: Unknown document class (or package),
(caption)             standard defaults will be used.
)
\c@KVtest=\count152
\sf@farskip=\skip64
\sf@captopadj=\dimen162
\sf@capskip=\skip65
\sf@nearskip=\skip66
\c@subfigure=\count153
\c@subfigure@save=\count154
\c@lofdepth=\count155
\c@subtable=\count156
\c@subtable@save=\count157
\c@lotdepth=\count158
\sf@top=\skip67
\sf@bottom=\skip68
)
(/usr/local/texlive/2016/texmf-dist/tex/latex/jknapltx/mathbbol.sty
Package: mathbbol 1995/01/01
\symbbold=\mathgroup8
)
(/usr/local/texlive/2016/texmf-dist/tex/latex/stmaryrd/stmaryrd.sty
Package: stmaryrd 1994/03/03 St Mary's Road symbol package
\symstmry=\mathgroup9
LaTeX Font Info:    Overwriting symbol font `stmry' in version `bold'
(Font)                  U/stmry/m/n --> U/stmry/b/n on input line 89.
)
(/usr/local/texlive/2016/texmf-dist/tex/latex/tools/enumerate.sty
Package: enumerate 2015/07/23 v3.00 enumerate extensions (DPC)
\@enLab=\toks38
)
(/usr/local/texlive/2016/texmf-dist/tex/latex/epigraph/epigraph.sty
Package: epigraph 2009/09/02 v1.5c typesetting epigraphs
\beforeepigraphskip=\skip69
\afterepigraphskip=\skip70
\epigraphwidth=\skip71
\epigraphrule=\skip72
)
(/usr/local/texlive/2016/texmf-dist/tex/latex/multirow/multirow.sty
Package: multirow 2016/11/25 v2.2 Span multiple rows of a table
\multirow@colwidth=\skip73
\multirow@cntb=\count159
\multirow@dima=\skip74
\bigstrutjot=\dimen163
)
(/usr/local/texlive/2016/texmf-dist/tex/latex/mdwtools/footnote.sty
Package: footnote 1997/01/28 1.13 Save footnotes around boxes
\fn@notes=\box42
\fn@width=\dimen164
)
(/usr/local/texlive/2016/texmf-dist/tex/latex/bbm-macros/bbm.sty
Package: bbm 1999/03/15 V 1.2 provides fonts for set symbols - TH
LaTeX Font Info:    Overwriting math alphabet `\mathbbm' in version `bold'
(Font)                  U/bbm/m/n --> U/bbm/bx/n on input line 33.
LaTeX Font Info:    Overwriting math alphabet `\mathbbmss' in version `bold'
(Font)                  U/bbmss/m/n --> U/bbmss/bx/n on input line 35.
)
(/usr/local/texlive/2016/texmf-dist/tex/latex/base/fontenc.sty
Package: fontenc 2017/02/22 v2.0g Standard LaTeX package

(/usr/local/texlive/2016/texmf-dist/tex/latex/base/t1enc.def
File: t1enc.def 2017/02/22 v2.0g Standard LaTeX file
LaTeX Font Info:    Redeclaring font encoding T1 on input line 48.
)
LaTeX Font Info:    Try loading font information for T1+ptm on input line 105.

(/usr/local/texlive/2016/texmf-dist/tex/latex/psnfss/t1ptm.fd
File: t1ptm.fd 2001/06/04 font definitions for T1/ptm.
))
(/usr/local/texlive/2016/texmf-dist/tex/latex/fundus-calligra/calligra.sty
Package: calligra 2012/04/10 v1.9 LaTeX package calligra
)
\c@theorem=\count160
\c@lemma=\count161
\c@proof=\count162
\c@definition=\count163
\c@problem=\count164
\c@corollary=\count165
\c@proposition=\count166
\c@remark=\count167

(/usr/local/texlive/2016/texmf-dist/tex/latex/algorithms/algorithm.sty
Package: algorithm 2009/08/24 v0.1 Document Style `algorithm' - floating enviro
nment

(/usr/local/texlive/2016/texmf-dist/tex/latex/float/float.sty
Package: float 2001/11/08 v1.3d Float enhancements (AL)
\c@float@type=\count168
\float@exts=\toks39
\float@box=\box43
\@float@everytoks=\toks40
\@floatcapt=\box44
)
\@float@every@algorithm=\toks41
\c@algorithm=\count169
)
(/usr/local/texlive/2016/texmf-dist/tex/latex/algorithms/algorithmic.sty
Package: algorithmic 2009/08/24 v0.1 Document Style `algorithmic'
\c@ALC@unique=\count170
\c@ALC@line=\count171
\c@ALC@rem=\count172
\c@ALC@depth=\count173
\ALC@tlm=\skip75
\algorithmicindent=\skip76
)
\c@note=\count174
\c@example=\count175
)
(./tro-ids.aux

LaTeX Warning: Label `eq:model-manager' multiply defined.

)
\openout1 = `tro-ids.aux'.

LaTeX Font Info:    Checking defaults for OML/cmm/m/it on input line 18.
LaTeX Font Info:    ... okay on input line 18.
LaTeX Font Info:    Checking defaults for T1/cmr/m/n on input line 18.
LaTeX Font Info:    ... okay on input line 18.
LaTeX Font Info:    Checking defaults for OT1/cmr/m/n on input line 18.
LaTeX Font Info:    ... okay on input line 18.
LaTeX Font Info:    Checking defaults for OMS/cmsy/m/n on input line 18.
LaTeX Font Info:    ... okay on input line 18.
LaTeX Font Info:    Checking defaults for OMX/cmex/m/n on input line 18.
LaTeX Font Info:    ... okay on input line 18.
LaTeX Font Info:    Checking defaults for U/cmr/m/n on input line 18.
LaTeX Font Info:    ... okay on input line 18.
LaTeX Font Info:    Checking defaults for PD1/pdf/m/n on input line 18.
LaTeX Font Info:    ... okay on input line 18.
LaTeX Font Info:    Font shape `T1/ptm/bx/n' in size <6> not available
(Font)              Font shape `T1/ptm/b/n' tried instead on input line 18.
LaTeX Font Info:    Font shape `T1/ptm/bx/it' in size <6> not available
(Font)              Font shape `T1/ptm/b/it' tried instead on input line 18.
LaTeX Font Info:    Font shape `T1/ptm/bx/n' in size <8> not available
(Font)              Font shape `T1/ptm/b/n' tried instead on input line 18.
LaTeX Font Info:    Font shape `T1/ptm/bx/it' in size <8> not available
(Font)              Font shape `T1/ptm/b/it' tried instead on input line 18.
LaTeX Font Info:    Font shape `T1/ptm/bx/n' in size <9> not available
(Font)              Font shape `T1/ptm/b/n' tried instead on input line 18.
LaTeX Font Info:    Font shape `T1/ptm/bx/it' in size <9> not available
(Font)              Font shape `T1/ptm/b/it' tried instead on input line 18.
LaTeX Font Info:    Font shape `T1/ptm/bx/n' in size <10> not available
(Font)              Font shape `T1/ptm/b/n' tried instead on input line 18.
LaTeX Font Info:    Font shape `T1/ptm/bx/it' in size <10> not available
(Font)              Font shape `T1/ptm/b/it' tried instead on input line 18.
LaTeX Font Info:    Font shape `T1/ptm/bx/n' in size <12> not available
(Font)              Font shape `T1/ptm/b/n' tried instead on input line 18.
LaTeX Font Info:    Font shape `T1/ptm/bx/it' in size <12> not available
(Font)              Font shape `T1/ptm/b/it' tried instead on input line 18.
LaTeX Font Info:    Font shape `T1/ptm/bx/n' in size <14> not available
(Font)              Font shape `T1/ptm/b/n' tried instead on input line 18.
LaTeX Font Info:    Font shape `T1/ptm/bx/it' in size <14> not available
(Font)              Font shape `T1/ptm/b/it' tried instead on input line 18.
LaTeX Font Info:    Font shape `T1/ptm/bx/n' in size <20> not available
(Font)              Font shape `T1/ptm/b/n' tried instead on input line 18.
LaTeX Font Info:    Font shape `T1/ptm/bx/it' in size <20> not available
(Font)              Font shape `T1/ptm/b/it' tried instead on input line 18.
LaTeX Font Info:    Font shape `T1/ptm/bx/n' in size <22> not available
(Font)              Font shape `T1/ptm/b/n' tried instead on input line 18.
LaTeX Font Info:    Font shape `T1/ptm/bx/it' in size <22> not available
(Font)              Font shape `T1/ptm/b/it' tried instead on input line 18.
LaTeX Font Info:    Font shape `T1/ptm/bx/n' in size <24> not available
(Font)              Font shape `T1/ptm/b/n' tried instead on input line 18.
LaTeX Font Info:    Font shape `T1/ptm/bx/it' in size <24> not available
(Font)              Font shape `T1/ptm/b/it' tried instead on input line 18.
 (/usr/local/texlive/2016/texmf-dist/tex/context/base/mkii/supp-pdf.mkii
[Loading MPS to PDF converter (version 2006.09.02).]
\scratchcounter=\count176
\scratchdimen=\dimen165
\scratchbox=\box45
\nofMPsegments=\count177
\nofMParguments=\count178
\everyMPshowfont=\toks42
\MPscratchCnt=\count179
\MPscratchDim=\dimen166
\MPnumerator=\count180
\makeMPintoPDFobject=\count181
\everyMPtoPDFconversion=\toks43
) (/usr/local/texlive/2016/texmf-dist/tex/latex/oberdiek/epstopdf-base.sty
Package: epstopdf-base 2016/05/15 v2.6 Base part for package epstopdf

(/usr/local/texlive/2016/texmf-dist/tex/latex/oberdiek/grfext.sty
Package: grfext 2016/05/16 v1.2 Manage graphics extensions (HO)
)
Package epstopdf-base Info: Redefining graphics rule for `.eps' on input line 4
38.
Package grfext Info: Graphics extension search list:
(grfext)             [.png,.pdf,.jpg,.mps,.jpeg,.jbig2,.jb2,.PNG,.PDF,.JPG,.JPE
G,.JBIG2,.JB2,.eps]
(grfext)             \AppendGraphicsExtensions on input line 456.

(/usr/local/texlive/2016/texmf-dist/tex/latex/latexconfig/epstopdf-sys.cfg
File: epstopdf-sys.cfg 2010/07/13 v1.3 Configuration of (r)epstopdf for TeX Liv
e
))
\AtBeginShipoutBox=\box46
Package hyperref Info: Link coloring OFF on input line 18.

(/usr/local/texlive/2016/texmf-dist/tex/latex/hyperref/nameref.sty
Package: nameref 2016/05/21 v2.44 Cross-referencing by name of section

(/usr/local/texlive/2016/texmf-dist/tex/generic/oberdiek/gettitlestring.sty
Package: gettitlestring 2016/05/16 v1.5 Cleanup title references (HO)
)
\c@section@level=\count182
)
LaTeX Info: Redefining \ref on input line 18.
LaTeX Info: Redefining \pageref on input line 18.
LaTeX Info: Redefining \nameref on input line 18.

(./tro-ids.out) (./tro-ids.out)
\@outlinefile=\write3
\openout3 = `tro-ids.out'.

\c@lstlisting=\count183
Package caption Info: Begin \AtBeginDocument code.
Package caption Info: subfig package v1.3 is loaded.
Package caption Info: End \AtBeginDocument code.
LaTeX Font Info:    Try loading font information for T1+pcr on input line 21.

(/usr/local/texlive/2016/texmf-dist/tex/latex/psnfss/t1pcr.fd
File: t1pcr.fd 2001/06/04 font definitions for T1/pcr.
)
Underfull \hbox (badness 10000) in paragraph at lines 21--21
[][][]\T1/ptm/m/n/9 G. Dini is with the De-part-ment of In-for-ma-tion En-gi-ne
er-ing, Fac-ulty of En-gi-neer-ing, Uni-ver-sità di Pisa, Italy,
 []

LaTeX Font Info:    Try loading font information for U+msa on input line 44.
(/usr/local/texlive/2016/texmf-dist/tex/latex/amsfonts/umsa.fd
File: umsa.fd 2013/01/14 v3.01 AMS symbols A
)
LaTeX Font Info:    Try loading font information for U+msb on input line 44.

(/usr/local/texlive/2016/texmf-dist/tex/latex/amsfonts/umsb.fd
File: umsb.fd 2013/01/14 v3.01 AMS symbols B
)
LaTeX Font Info:    Try loading font information for U+lasy on input line 44.

(/usr/local/texlive/2016/texmf-dist/tex/latex/base/ulasy.fd
File: ulasy.fd 1998/08/17 v2.2e LaTeX symbol font definitions
)
LaTeX Font Info:    Try loading font information for U+rsfs on input line 44.

(/usr/local/texlive/2016/texmf-dist/tex/latex/jknapltx/ursfs.fd
File: ursfs.fd 1998/03/24 rsfs font definition file (jk)
)
LaTeX Font Info:    Try loading font information for U+bbold on input line 44.

(/usr/local/texlive/2016/texmf-dist/tex/latex/bbold/Ubbold.fd)
LaTeX Font Info:    Try loading font information for U+stmry on input line 44.

(/usr/local/texlive/2016/texmf-dist/tex/latex/stmaryrd/Ustmry.fd)

LaTeX Warning: Citation `bertsekas1991sap' on page 1 undefined on input line 44
.


LaTeX Warning: Citation `lynch-book' on page 1 undefined on input line 44.


LaTeX Warning: Citation `ceri1984distributed' on page 1 undefined on input line
 44.


LaTeX Warning: Citation `foster1999grid' on page 1 undefined on input line 44.


LaTeX Warning: Citation `olfatisaber2006fma' on page 1 undefined on input line 
44.


LaTeX Warning: Citation `figueiredo2001tdi' on page 1 undefined on input line 4
4.


LaTeX Warning: Citation `ram08-bddlpss' on page 1 undefined on input line 44.


LaTeX Warning: Citation `mcqueen1999intelligent' on page 1 undefined on input l
ine 44.


LaTeX Warning: Citation `ram10-bfp' on page 1 undefined on input line 52.


LaTeX Warning: Citation `ram10-pbb' on page 1 undefined on input line 53.

[1
Non-PDF special ignored!{/usr/local/texlive/2016/texmf-var/fonts/map/pdftex/upd
map/pdftex.map}


\providecommand\@newglossary[4]{}
\@newglossary{main}{glg}{gls}{glo}

]

LaTeX Warning: No positions in optional float specifier.
               Default added (so using `!tbp') on input line 56.

<images/viano11.png, id=94, 458.71375pt x 285.065pt>
File: images/viano11.png Graphic file (type png)
 <use images/viano11.png>
Package pdftex.def Info: images/viano11.png used on input line 58.
(pdftex.def)             Requested size: 247.6778pt x 153.91975pt.


LaTeX Warning: Citation `baras07' on page 2 undefined on input line 66.


LaTeX Warning: Citation `Brady198579' on page 2 undefined on input line 81.


LaTeX Warning: Citation `buchegger2002pac' on page 2 undefined on input line 81
.


LaTeX Warning: Citation `Dini20121167' on page 2 undefined on input line 81.

[2pdfTeX warning (ext4): destination with the same identifier (name{figure.1}) 
has been already used, duplicate ignored

\AtBegShi@Output ...ipout \box \AtBeginShipoutBox 
                                                  \fi \fi 
l.83 M
      isbehavior detection in these systems poses a number of theoretical ch...
 <./images/viano11.png>]

LaTeX Warning: Citation `sain2002invertibility' on page 3 undefined on input li
ne 83.


LaTeX Warning: Citation `vu2008invertibility' on page 3 undefined on input line
 83.


LaTeX Warning: Citation `millerioux2007invertibility' on page 3 undefined on in
put line 83.


LaTeX Warning: Citation `RamadgeWonham' on page 3 undefined on input line 83.


LaTeX Warning: Citation `yoo-lafortune:02' on page 3 undefined on input line 83
.


LaTeX Warning: Citation `ozveren:92' on page 3 undefined on input line 83.


LaTeX Warning: Citation `fourlas:2002' on page 3 undefined on input line 83.


LaTeX Warning: Citation `jadbabaie2003cgm' on page 3 undefined on input line 83
.


LaTeX Warning: Citation `ieee07-murray' on page 3 undefined on input line 83.


LaTeX Warning: Citation `england2003trusted' on page 3 undefined on input line 
85.


LaTeX Warning: Citation `lamport82' on page 3 undefined on input line 85.


LaTeX Warning: Citation `ssrr08-fagiolini' on page 3 undefined on input line 85
.


LaTeX Warning: Citation `cdc07-fagiolini' on page 3 undefined on input line 85.



LaTeX Warning: Citation `icra08-fagiolini' on page 3 undefined on input line 85
.

[3]

Package amsfonts Warning: Obsolete command \Bbb; \mathbb should be used instead
 on input line 145.

[4]

LaTeX Warning: No positions in optional float specifier.
               Default added (so using `!tbp') on input line 240.

<images/architecture-agent.pdf, id=130, 568.1225pt x 328.22626pt>
File: images/architecture-agent.pdf Graphic file (type pdf)

<use images/architecture-agent.pdf>
Package pdftex.def Info: images/architecture-agent.pdf used on input line 242.
(pdftex.def)             Requested size: 516.0pt x 298.14044pt.
 [5pdfTeX warning (ext4): destination with the same identifier (name{figure.2})
 has been already used, duplicate ignored

\AtBegShi@Output ...ipout \box \AtBeginShipoutBox 
                                                  \fi \fi 
l.250 $$
         <./images/architecture-agent.pdf>] [6] [7]

LaTeX Warning: No positions in optional float specifier.
               Default added (so using `!tbp') on input line 423.

<images/monitor-phases.pdf, id=306, 343.2825pt x 315.1775pt>
File: images/monitor-phases.pdf Graphic file (type pdf)

<use images/monitor-phases.pdf>
Package pdftex.def Info: images/monitor-phases.pdf used on input line 425.
(pdftex.def)             Requested size: 237.36346pt x 217.92958pt.
 [8] [9pdfTeX warning (ext4): destination with the same identifier (name{figure
.3}) has been already used, duplicate ignored

\AtBegShi@Output ...ipout \box \AtBeginShipoutBox 
                                                  \fi \fi 
l.514 $$
         <./images/monitor-phases.pdf>] [10]
Overfull \hbox (27.36224pt too wide) in paragraph at lines 588--591
\T1/ptm/m/n/12 If $\OML/cmm/m/it/12 F$ \T1/ptm/m/n/12 is both \T1/ptm/m/it/12 c
om-mu-ta-tive\T1/ptm/m/n/12 , i.e., $\OML/cmm/m/it/12 F\OT1/cmr/m/n/12 (\OML/cm
m/m/it/12 X[]; X[]\OT1/cmr/m/n/12 ) = \OML/cmm/m/it/12 F\OT1/cmr/m/n/12 (\OML/c
mm/m/it/12 X[]; X[]\OT1/cmr/m/n/12 )$ \T1/ptm/m/n/12 for all $\OML/cmm/m/it/12 
X[]; X[]$\T1/ptm/m/n/12 , and \T1/ptm/m/it/12 as-so-cia-tive\T1/ptm/m/n/12 , i.
e., $\OML/cmm/m/it/12 F\OT1/cmr/m/n/12 (\OML/cmm/m/it/12 X[]; F\OT1/cmr/m/n/12 
(\OML/cmm/m/it/12 X[]; X[]\OT1/cmr/m/n/12 )) =
 []

** ATTENTION: \proof is deprecated (line 609). Use \IEEEproof instead.
[11]
** ATTENTION: \proof is deprecated (line 664). Use \IEEEproof instead.
(./the-highway.tex [12]

LaTeX Font Warning: Command \small invalid in math mode on input line 9.


LaTeX Font Warning: Command \small invalid in math mode on input line 9.


LaTeX Font Warning: Command \small invalid in math mode on input line 9.


LaTeX Font Warning: Command \small invalid in math mode on input line 9.


LaTeX Font Warning: Command \small invalid in math mode on input line 11.


LaTeX Font Warning: Command \small invalid in math mode on input line 11.


LaTeX Font Warning: Command \small invalid in math mode on input line 11.

<images/highway-topology.pdf, id=543, 683.55376pt x 266.9975pt>
File: images/highway-topology.pdf Graphic file (type pdf)

<use images/highway-topology.pdf>
Package pdftex.def Info: images/highway-topology.pdf used on input line 22.
(pdftex.def)             Requested size: 232.19843pt x 90.69646pt.

<images/highway-visibility.pdf, id=545, 683.55376pt x 224.84pt>
File: images/highway-visibility.pdf Graphic file (type pdf)

<use images/highway-visibility.pdf>
Package pdftex.def Info: images/highway-visibility.pdf used on input line 23.
(pdftex.def)             Requested size: 232.19843pt x 76.37596pt.
 [13pdfTeX warning (ext4): destination with the same identifier (name{figure.4}
) has been already used, duplicate ignored

\AtBegShi@Output ...ipout \box \AtBeginShipoutBox 
                                                  \fi \fi 
l.106 \end{equation*}
                      <./images/highway-topology.pdf> <./images/highway-visibil
ity.pdf>] [14]

LaTeX Font Warning: Command \small invalid in math mode on input line 180.


LaTeX Font Warning: Command \small invalid in math mode on input line 180.


LaTeX Font Warning: Command \small invalid in math mode on input line 180.


LaTeX Font Warning: Command \small invalid in math mode on input line 180.


LaTeX Font Warning: Command \small invalid in math mode on input line 180.


LaTeX Font Warning: Command \small invalid in math mode on input line 185.


LaTeX Font Warning: Command \small invalid in math mode on input line 186.


LaTeX Font Warning: Command \small invalid in math mode on input line 188.


LaTeX Font Warning: Command \small invalid in math mode on input line 188.


LaTeX Font Warning: Command \small invalid in math mode on input line 188.


LaTeX Font Warning: Command \small invalid in math mode on input line 188.


LaTeX Font Warning: Command \small invalid in math mode on input line 188.


LaTeX Font Warning: Command \small invalid in math mode on input line 190.


LaTeX Font Warning: Command \small invalid in math mode on input line 190.


LaTeX Font Warning: Command \small invalid in math mode on input line 192.


LaTeX Font Warning: Command \small invalid in math mode on input line 192.


LaTeX Font Warning: Command \small invalid in math mode on input line 194.


LaTeX Font Warning: Command \small invalid in math mode on input line 194.


LaTeX Font Warning: Command \small invalid in math mode on input line 194.


LaTeX Font Warning: Command \small invalid in math mode on input line 194.


LaTeX Font Warning: Command \small invalid in math mode on input line 194.


LaTeX Font Warning: Command \small invalid in math mode on input line 196.


LaTeX Font Warning: Command \small invalid in math mode on input line 196.


LaTeX Font Warning: Command \small invalid in math mode on input line 201.


LaTeX Font Warning: Command \small invalid in math mode on input line 215.


LaTeX Font Warning: Command \small invalid in math mode on input line 215.


LaTeX Font Warning: Command \small invalid in math mode on input line 215.


LaTeX Font Warning: Command \small invalid in math mode on input line 224.


LaTeX Font Warning: Command \small invalid in math mode on input line 237.


LaTeX Font Warning: Command \small invalid in math mode on input line 237.


LaTeX Font Warning: Command \small invalid in math mode on input line 240.


LaTeX Font Warning: Command \small invalid in math mode on input line 248.


LaTeX Warning: Citation `thrun2002pr' on page 15 undefined on input line 259.


LaTeX Warning: No positions in optional float specifier.
               Default added (so using `!tbp') on input line 261.

<images/example_01.pdf, id=747, 355.3275pt x 100.375pt>
File: images/example_01.pdf Graphic file (type pdf)

<use images/example_01.pdf>
Package pdftex.def Info: images/example_01.pdf used on input line 263.
(pdftex.def)             Requested size: 165.12378pt x 46.64632pt.

<images/example_01_a.pdf, id=749, 355.3275pt x 100.375pt>
File: images/example_01_a.pdf Graphic file (type pdf)

<use images/example_01_a.pdf>
Package pdftex.def Info: images/example_01_a.pdf used on input line 266.
(pdftex.def)             Requested size: 165.12378pt x 46.64632pt.

<images/example_01_b.pdf, id=751, 355.3275pt x 99.37125pt>
File: images/example_01_b.pdf Graphic file (type pdf)

<use images/example_01_b.pdf>
Package pdftex.def Info: images/example_01_b.pdf used on input line 268.
(pdftex.def)             Requested size: 165.12378pt x 46.17986pt.


LaTeX Font Warning: Command \small invalid in math mode on input line 277.


LaTeX Font Warning: Command \small invalid in math mode on input line 277.


LaTeX Font Warning: Command \small invalid in math mode on input line 277.

<images/simulation_01_F_a.pdf, id=755, 351.3125pt x 99.37125pt>
File: images/simulation_01_F_a.pdf Graphic file (type pdf)

<use images/simulation_01_F_a.pdf>
Package pdftex.def Info: images/simulation_01_F_a.pdf used on input line 281.
(pdftex.def)             Requested size: 242.52063pt x 68.6011pt.

<images/simulation_01_A01_a.pdf, id=756, 351.3125pt x 100.375pt>
File: images/simulation_01_A01_a.pdf Graphic file (type pdf)

<use images/simulation_01_A01_a.pdf>
Package pdftex.def Info: images/simulation_01_A01_a.pdf used on input line 284.

(pdftex.def)             Requested size: 242.52063pt x 69.29404pt.

<images/simulation_01_A02_a.pdf, id=757, 351.3125pt x 100.375pt>
File: images/simulation_01_A02_a.pdf Graphic file (type pdf)

<use images/simulation_01_A02_a.pdf>
Package pdftex.def Info: images/simulation_01_A02_a.pdf used on input line 285.

(pdftex.def)             Requested size: 242.52063pt x 69.29404pt.

<images/simulation_01_A03_a.pdf, id=758, 351.3125pt x 100.375pt>
File: images/simulation_01_A03_a.pdf Graphic file (type pdf)

<use images/simulation_01_A03_a.pdf>
Package pdftex.def Info: images/simulation_01_A03_a.pdf used on input line 286.

(pdftex.def)             Requested size: 242.52063pt x 69.29404pt.


LaTeX Font Warning: Command \small invalid in math mode on input line 288.


LaTeX Font Warning: Command \small invalid in math mode on input line 288.

[15]

LaTeX Font Warning: Command \small invalid in math mode on input line 293.


LaTeX Font Warning: Command \small invalid in math mode on input line 293.


LaTeX Warning: No positions in optional float specifier.
               Default added (so using `!tbp') on input line 295.

<images/simulation_02_F.pdf, id=765, 351.3125pt x 100.375pt>
File: images/simulation_02_F.pdf Graphic file (type pdf)

<use images/simulation_02_F.pdf>
Package pdftex.def Info: images/simulation_02_F.pdf used on input line 297.
(pdftex.def)             Requested size: 242.52063pt x 69.29404pt.

<images/monitor-everybody.pdf, id=766, 353.32pt x 100.375pt>
File: images/monitor-everybody.pdf Graphic file (type pdf)

<use images/monitor-everybody.pdf>
Package pdftex.def Info: images/monitor-everybody.pdf used on input line 298.
(pdftex.def)             Requested size: 242.52063pt x 68.89888pt.

<images/frame-b.pdf, id=768, 262.9825pt x 97.36375pt>
File: images/frame-b.pdf Graphic file (type pdf)
 <use images/frame-b.pdf>
Package pdftex.def Info: images/frame-b.pdf used on input line 327.
(pdftex.def)             Requested size: 196.08252pt x 72.59772pt.


LaTeX Font Warning: Command \small invalid in math mode on input line 328.

[16pdfTeX warning (ext4): destination with the same identifier (name{figure.5})
 has been already used, duplicate ignored

\AtBegShi@Output ...ipout \box \AtBeginShipoutBox 
                                                  \fi \fi 
l.345 $$
         <./images/example_01.pdf> <./images/example_01_a.pdf> <./images/exampl
e_01_b.pdf>] [17pdfTeX warning (ext4): destination with the same identifier (na
me{figure.6}) has been already used, duplicate ignored

\AtBegShi@Output ...ipout \box \AtBeginShipoutBox 
                                                  \fi \fi 
l.345 $$
        pdfTeX warning (ext4): destination with the same identifier (name{figur
e.7}) has been already used, duplicate ignored

\AtBegShi@Output ...ipout \box \AtBeginShipoutBox 
                                                  \fi \fi 
l.345 $$
         <./images/simulation_01_F_a.pdf> <./images/simulation_01_A01_a.pdf> <.
/images/simulation_01_A02_a.pdf> <./images/simulation_01_A03_a.pdf> <./images/s
imulation_02_F.pdf> <./images/monitor-everybody.pdf>]

LaTeX Warning: No positions in optional float specifier.
               Default added (so using `!tbp') on input line 350.

<images/consensus-0.pdf, id=939, 206.7725pt x 439.6425pt>
File: images/consensus-0.pdf Graphic file (type pdf)

<use images/consensus-0.pdf>
Package pdftex.def Info: images/consensus-0.pdf used on input line 355.
(pdftex.def)             Requested size: 113.52063pt x 241.37477pt.

<images/consensus-1.pdf, id=941, 206.7725pt x 439.6425pt>
File: images/consensus-1.pdf Graphic file (type pdf)

<use images/consensus-1.pdf>
Package pdftex.def Info: images/consensus-1.pdf used on input line 357.
(pdftex.def)             Requested size: 113.52063pt x 241.37477pt.

<images/consensus-2.pdf, id=943, 206.7725pt x 439.6425pt>
File: images/consensus-2.pdf Graphic file (type pdf)

<use images/consensus-2.pdf>
Package pdftex.def Info: images/consensus-2.pdf used on input line 359.
(pdftex.def)             Requested size: 113.52063pt x 241.37477pt.

<images/consensus-3.pdf, id=945, 206.7725pt x 439.6425pt>
File: images/consensus-3.pdf Graphic file (type pdf)

<use images/consensus-3.pdf>
Package pdftex.def Info: images/consensus-3.pdf used on input line 361.
(pdftex.def)             Requested size: 113.52063pt x 241.37477pt.
) [18pdfTeX warning (ext4): destination with the same identifier (name{figure.8
}) has been already used, duplicate ignored

\AtBegShi@Output ...ipout \box \AtBeginShipoutBox 
                                                  \fi \fi 
l.687 F
       or the sake of clarity, consider the scenario in Fig.~\ref{fig:sofide...
pdfTeX warning (ext4): destination with the same identifier (name{figure.9}) ha
s been already used, duplicate ignored

\AtBegShi@Output ...ipout \box \AtBeginShipoutBox 
                                                  \fi \fi 
l.687 F
       or the sake of clarity, consider the scenario in Fig.~\ref{fig:sofide...
 <./images/frame-b.pdf> <./images/consensus-0.pdf> <./images/consensus-1.pdf> <
./images/consensus-2.pdf> <./images/consensus-3.pdf>]

LaTeX Warning: No positions in optional float specifier.
               Default added (so using `!tbp') on input line 689.

<images/regood1.png, id=1062, 602.25pt x 602.25pt>
File: images/regood1.png Graphic file (type png)
 <use images/regood1.png>
Package pdftex.def Info: images/regood1.png used on input line 691.
(pdftex.def)             Requested size: 159.95874pt x 159.95387pt.

<images/regood3.png, id=1064, 602.25pt x 602.25pt>
File: images/regood3.png Graphic file (type png)
 <use images/regood3.png>
Package pdftex.def Info: images/regood3.png used on input line 692.
(pdftex.def)             Requested size: 159.95874pt x 159.95387pt.

<images/regood6.png, id=1066, 602.25pt x 602.25pt>
File: images/regood6.png Graphic file (type png)
 <use images/regood6.png>
Package pdftex.def Info: images/regood6.png used on input line 693.
(pdftex.def)             Requested size: 159.95874pt x 159.95387pt.

[19pdfTeX warning (ext4): destination with the same identifier (name{figure.10}
) has been already used, duplicate ignored

\AtBegShi@Output ...ipout \box \AtBeginShipoutBox 
                                                  \fi \fi 
l.745 \end{equation*}
                      <./images/regood1.png (PNG copy)> <./images/regood3.png (
PNG copy)> <./images/regood6.png (PNG copy)>]

LaTeX Font Warning: Command \small invalid in math mode on input line 746.


LaTeX Font Warning: Command \small invalid in math mode on input line 746.


LaTeX Font Warning: Command \small invalid in math mode on input line 750.


LaTeX Font Warning: Command \small invalid in math mode on input line 750.


LaTeX Font Warning: Command \small invalid in math mode on input line 751.


LaTeX Font Warning: Command \small invalid in math mode on input line 751.


LaTeX Font Warning: Command \small invalid in math mode on input line 752.


LaTeX Font Warning: Command \small invalid in math mode on input line 752.


LaTeX Font Warning: Command \small invalid in math mode on input line 753.


LaTeX Font Warning: Command \small invalid in math mode on input line 753.


LaTeX Font Warning: Command \small invalid in math mode on input line 756.


LaTeX Font Warning: Command \small invalid in math mode on input line 760.


LaTeX Font Warning: Command \small invalid in math mode on input line 762.


LaTeX Font Warning: Command \small invalid in math mode on input line 770.


LaTeX Font Warning: Command \small invalid in math mode on input line 772.


LaTeX Font Warning: Command \small invalid in math mode on input line 791.


LaTeX Font Warning: Command \small invalid in math mode on input line 792.


LaTeX Font Warning: Command \small invalid in math mode on input line 793.


LaTeX Font Warning: Command \small invalid in math mode on input line 793.

[20]

LaTeX Font Warning: Command \small invalid in math mode on input line 895.


LaTeX Font Warning: Command \small invalid in math mode on input line 902.


LaTeX Font Warning: Command \small invalid in math mode on input line 902.

[21]

LaTeX Font Warning: Command \small invalid in math mode on input line 915.


LaTeX Font Warning: Command \small invalid in math mode on input line 915.


LaTeX Font Warning: Command \small invalid in math mode on input line 922.


LaTeX Font Warning: Command \small invalid in math mode on input line 922.


LaTeX Font Warning: Command \small invalid in math mode on input line 922.


LaTeX Font Warning: Command \small invalid in math mode on input line 922.


LaTeX Font Warning: Command \small invalid in math mode on input line 923.


LaTeX Font Warning: Command \small invalid in math mode on input line 923.


LaTeX Font Warning: Command \small invalid in math mode on input line 929.


LaTeX Font Warning: Command \small invalid in math mode on input line 930.


LaTeX Font Warning: Command \small invalid in math mode on input line 933.


LaTeX Font Warning: Command \small invalid in math mode on input line 933.


LaTeX Font Warning: Command \small invalid in math mode on input line 933.


LaTeX Font Warning: Command \small invalid in math mode on input line 933.


LaTeX Font Warning: Command \small invalid in math mode on input line 937.


LaTeX Font Warning: Command \small invalid in math mode on input line 945.


Underfull \hbox (badness 10000) in paragraph at lines 952--955

 []


LaTeX Warning: No positions in optional float specifier.
               Default added (so using `!tbp') on input line 984.

<images/A01-S00140.png, id=1087, 602.25pt x 602.25pt>
File: images/A01-S00140.png Graphic file (type png)

<use images/A01-S00140.png>
Package pdftex.def Info: images/A01-S00140.png used on input line 988.
(pdftex.def)             Requested size: 118.6778pt x 118.67427pt.

<images/A02-S00140.png, id=1088, 602.25pt x 602.25pt>
File: images/A02-S00140.png Graphic file (type png)

<use images/A02-S00140.png>
Package pdftex.def Info: images/A02-S00140.png used on input line 990.
(pdftex.def)             Requested size: 118.6778pt x 118.67427pt.

<images/A03-S00140.png, id=1089, 602.25pt x 602.25pt>
File: images/A03-S00140.png Graphic file (type png)

<use images/A03-S00140.png>
Package pdftex.def Info: images/A03-S00140.png used on input line 992.
(pdftex.def)             Requested size: 118.6778pt x 118.67427pt.

<images/A04-S00140.png, id=1090, 602.25pt x 602.25pt>
File: images/A04-S00140.png Graphic file (type png)

<use images/A04-S00140.png>
Package pdftex.def Info: images/A04-S00140.png used on input line 994.
(pdftex.def)             Requested size: 118.6778pt x 118.67427pt.

Overfull \hbox (15.91113pt too wide) in paragraph at lines 986--997
 []$ [] $ 
 []

[22] [23pdfTeX warning (ext4): destination with the same identifier (name{figur
e.11}) has been already used, duplicate ignored

\AtBegShi@Output ...ipout \box \AtBeginShipoutBox 
                                                  \fi \fi 
l.1042 
       pdfTeX warning (ext4): destination with the same identifier (name{table.
1}) has been already used, duplicate ignored

\AtBegShi@Output ...ipout \box \AtBeginShipoutBox 
                                                  \fi \fi 
l.1042 
        <./images/A01-S00140.png (PNG copy)> <./images/A02-S00140.png (PNG copy
)> <./images/A03-S00140.png (PNG copy)> <./images/A04-S00140.png (PNG copy)>]
<images/C00107-A01-T00-CS00-b.png, id=1104, 600.2425pt x 600.2425pt>
File: images/C00107-A01-T00-CS00-b.png Graphic file (type png)

<use images/C00107-A01-T00-CS00-b.png>
Package pdftex.def Info: images/C00107-A01-T00-CS00-b.png used on input line 10
52.
(pdftex.def)             Requested size: 118.6778pt x 118.67252pt.

<images/C00107-A01-T00-CS01-b.png, id=1105, 602.25pt x 600.2425pt>
File: images/C00107-A01-T00-CS01-b.png Graphic file (type png)

<use images/C00107-A01-T00-CS01-b.png>
Package pdftex.def Info: images/C00107-A01-T00-CS01-b.png used on input line 10
53.
(pdftex.def)             Requested size: 118.6778pt x 118.27869pt.

<images/C00107-A01-T00-CS02.png, id=1107, 602.25pt x 602.25pt>
File: images/C00107-A01-T00-CS02.png Graphic file (type png)

<use images/C00107-A01-T00-CS02.png>
Package pdftex.def Info: images/C00107-A01-T00-CS02.png used on input line 1054
.
(pdftex.def)             Requested size: 118.6778pt x 118.67427pt.

<images/C00107-A01-T00-CS03.png, id=1109, 602.25pt x 602.25pt>
File: images/C00107-A01-T00-CS03.png Graphic file (type png)

<use images/C00107-A01-T00-CS03.png>
Package pdftex.def Info: images/C00107-A01-T00-CS03.png used on input line 1055
.
(pdftex.def)             Requested size: 118.6778pt x 118.67427pt.

<images/C00107-A02-T00-CS00-b.png, id=1111, 602.25pt x 600.2425pt>
File: images/C00107-A02-T00-CS00-b.png Graphic file (type png)

<use images/C00107-A02-T00-CS00-b.png>
Package pdftex.def Info: images/C00107-A02-T00-CS00-b.png used on input line 10
57.
(pdftex.def)             Requested size: 118.6778pt x 118.27869pt.

<images/C00107-A02-T00-CS01-b.png, id=1113, 602.25pt x 602.25pt>
File: images/C00107-A02-T00-CS01-b.png Graphic file (type png)

<use images/C00107-A02-T00-CS01-b.png>
Package pdftex.def Info: images/C00107-A02-T00-CS01-b.png used on input line 10
58.
(pdftex.def)             Requested size: 118.6778pt x 118.67427pt.

<images/C00107-A02-T00-CS02.png, id=1115, 602.25pt x 602.25pt>
File: images/C00107-A02-T00-CS02.png Graphic file (type png)

<use images/C00107-A02-T00-CS02.png>
Package pdftex.def Info: images/C00107-A02-T00-CS02.png used on input line 1059
.
(pdftex.def)             Requested size: 118.6778pt x 118.67427pt.

<images/C00107-A02-T00-CS03.png, id=1117, 602.25pt x 602.25pt>
File: images/C00107-A02-T00-CS03.png Graphic file (type png)

<use images/C00107-A02-T00-CS03.png>
Package pdftex.def Info: images/C00107-A02-T00-CS03.png used on input line 1060
.
(pdftex.def)             Requested size: 118.6778pt x 118.67427pt.

<images/C00107-A03-T00-CS00-b.png, id=1119, 602.25pt x 602.25pt>
File: images/C00107-A03-T00-CS00-b.png Graphic file (type png)

<use images/C00107-A03-T00-CS00-b.png>
Package pdftex.def Info: images/C00107-A03-T00-CS00-b.png used on input line 10
62.
(pdftex.def)             Requested size: 118.6778pt x 118.67427pt.

<images/C00107-A03-T00-CS01-b.png, id=1121, 602.25pt x 602.25pt>
File: images/C00107-A03-T00-CS01-b.png Graphic file (type png)

<use images/C00107-A03-T00-CS01-b.png>
Package pdftex.def Info: images/C00107-A03-T00-CS01-b.png used on input line 10
63.
(pdftex.def)             Requested size: 118.6778pt x 118.67427pt.

<images/C00107-A03-T00-CS02-b.png, id=1123, 602.25pt x 602.25pt>
File: images/C00107-A03-T00-CS02-b.png Graphic file (type png)

<use images/C00107-A03-T00-CS02-b.png>
Package pdftex.def Info: images/C00107-A03-T00-CS02-b.png used on input line 10
64.
(pdftex.def)             Requested size: 118.6778pt x 118.67427pt.

<images/C00107-A03-T00-CS03.png, id=1125, 602.25pt x 602.25pt>
File: images/C00107-A03-T00-CS03.png Graphic file (type png)

<use images/C00107-A03-T00-CS03.png>
Package pdftex.def Info: images/C00107-A03-T00-CS03.png used on input line 1065
.
(pdftex.def)             Requested size: 118.6778pt x 118.67427pt.

<images/C00107-A04-T00-CS00-b.png, id=1127, 602.25pt x 602.25pt>
File: images/C00107-A04-T00-CS00-b.png Graphic file (type png)

<use images/C00107-A04-T00-CS00-b.png>
Package pdftex.def Info: images/C00107-A04-T00-CS00-b.png used on input line 10
67.
(pdftex.def)             Requested size: 118.6778pt x 118.67427pt.

<images/C00107-A04-T00-CS01-b.png, id=1129, 602.25pt x 602.25pt>
File: images/C00107-A04-T00-CS01-b.png Graphic file (type png)

<use images/C00107-A04-T00-CS01-b.png>
Package pdftex.def Info: images/C00107-A04-T00-CS01-b.png used on input line 10
68.
(pdftex.def)             Requested size: 118.6778pt x 118.67427pt.

<images/C00107-A04-T00-CS02-b.png, id=1131, 602.25pt x 602.25pt>
File: images/C00107-A04-T00-CS02-b.png Graphic file (type png)

<use images/C00107-A04-T00-CS02-b.png>
Package pdftex.def Info: images/C00107-A04-T00-CS02-b.png used on input line 10
69.
(pdftex.def)             Requested size: 118.6778pt x 118.67427pt.

<images/C00107-A04-T00-CS03.png, id=1133, 602.25pt x 602.25pt>
File: images/C00107-A04-T00-CS03.png Graphic file (type png)

<use images/C00107-A04-T00-CS03.png>
Package pdftex.def Info: images/C00107-A04-T00-CS03.png used on input line 1070
.
(pdftex.def)             Requested size: 118.6778pt x 118.67427pt.

Overfull \hbox (15.91113pt too wide) in paragraph at lines 1049--1073
 []$ [] $ 
 []


LaTeX Warning: No positions in optional float specifier.
               Default added (so using `!tbp') on input line 1083.

File: images/viano11.png Graphic file (type png)
<use images/viano11.png>
Package pdftex.def Info: images/viano11.png used on input line 1086.
(pdftex.def)             Requested size: 247.6778pt x 153.91975pt.
 <images/viano21.png, id=1138, 457.71pt x 284.06125pt>
File: images/viano21.png Graphic file (type png)

<use images/viano21.png>
Package pdftex.def Info: images/viano21.png used on input line 1087.
(pdftex.def)             Requested size: 247.6778pt x 153.71152pt.

<images/viano31.png, id=1140, 493.845pt x 304.13625pt>
File: images/viano31.png Graphic file (type png)

<use images/viano31.png>
Package pdftex.def Info: images/viano31.png used on input line 1088.
(pdftex.def)             Requested size: 247.6778pt x 152.53181pt.
 <images/viano41.png, id=1142, 494.84875pt x 305.14pt>
File: images/viano41.png Graphic file (type png)

<use images/viano41.png>
Package pdftex.def Info: images/viano41.png used on input line 1089.
(pdftex.def)             Requested size: 247.6778pt x 152.72327pt.

Overfull \hbox (3.35559pt too wide) in paragraph at lines 1085--1096
 [][] 
 []


LaTeX Warning: Citation `ramadge1989cde' on page 24 undefined on input line 115
7.


LaTeX Warning: Citation `balluchi2002doh' on page 24 undefined on input line 11
57.


LaTeX Warning: Citation `zad2003fdd' on page 24 undefined on input line 1157.


LaTeX Warning: Citation `monteriu2007mbs' on page 24 undefined on input line 11
57.


LaTeX Warning: Citation `ssrr08-fagiolini' on page 24 undefined on input line 1
157.

(./the-appendix.tex

LaTeX Warning: Citation `cassandras' on page 24 undefined on input line 9.

[24] [25pdfTeX warning (ext4): destination with the same identifier (name{figur
e.12}) has been already used, duplicate ignored

\AtBegShi@Output ...ipout \box \AtBeginShipoutBox 
                                                  \fi \fi 
l.17 $$
        <./images/C00107-A01-T00-CS01-b.png> <./images/C00107-A01-T00-CS02.png 
(PNG copy)> <./images/C00107-A01-T00-CS03.png (PNG copy)> <./images/C00107-A02-
T00-CS00-b.png> <./images/C00107-A02-T00-CS01-b.png> <./images/C00107-A02-T00-C
S02.png (PNG copy)> <./images/C00107-A02-T00-CS03.png (PNG copy)> <./images/C00
107-A03-T00-CS00-b.png> <./images/C00107-A03-T00-CS01-b.png> <./images/C00107-A
03-T00-CS02-b.png> <./images/C00107-A03-T00-CS03.png (PNG copy)> <./images/C001
07-A04-T00-CS00-b.png> <./images/C00107-A04-T00-CS01-b.png> <./images/C00107-A0
4-T00-CS02-b.png> <./images/C00107-A04-T00-CS03.png (PNG copy)> <./images/C0010
7-A01-T00-CS00-b.png>]
** ATTENTION: \proof is deprecated (line 18). Use \IEEEproof instead.
** ATTENTION: \proof is deprecated (line 48). Use \IEEEproof instead.
[26pdfTeX warning (ext4): destination with the same identifier (name{figure.13}
) has been already used, duplicate ignored

\AtBegShi@Output ...ipout \box \AtBeginShipoutBox 
                                                  \fi \fi 
l.50 \begin{equation*}
                       <./images/viano21.png> <./images/viano31.png> <./images/
viano41.png>]
** ATTENTION: \proof is deprecated (line 78). Use \IEEEproof instead.
** ATTENTION: \proof is deprecated (line 110). Use \IEEEproof instead.
[27])
No file tro-ids.bbl.
(./the-biography.tex)
Package atveryend Info: Empty hook `BeforeClearDocument' on input line 1169.
 [28]
Package atveryend Info: Empty hook `AfterLastShipout' on input line 1169.
 (./tro-ids.aux)
Package atveryend Info: Executing hook `AtVeryEndDocument' on input line 1169.
Package atveryend Info: Executing hook `AtEndAfterFileList' on input line 1169.

Package rerunfilecheck Info: File `tro-ids.out' has not changed.
(rerunfilecheck)             Checksum: 9A5DBFF237D305AAD0AFC3661E5FF399;1542.


LaTeX Warning: There were undefined references.


LaTeX Warning: There were multiply-defined labels.

Package atveryend Info: Empty hook `AtVeryVeryEnd' on input line 1169.
 ) 
Here is how much of TeX's memory you used:
 16852 strings out of 493013
 275683 string characters out of 6133328
 421186 words of memory out of 5000000
 19888 multiletter control sequences out of 15000+600000
 125345 words of font info for 165 fonts, out of 8000000 for 9000
 1141 hyphenation exceptions out of 8191
 57i,16n,94p,1954b,472s stack positions out of 5000i,500n,10000p,200000b,80000s
{/usr/local/texlive/2016/texmf-dist/fonts/enc/dvips/base/8r.enc}</usr/local/t
exlive/2016/texmf-dist/fonts/type1/public/bbold-type1/bbold10.pfb></usr/local/t
exlive/2016/texmf-dist/fonts/type1/public/bbold-type1/bbold7.pfb></usr/local/te
xlive/2016/texmf-dist/fonts/type1/public/amsfonts/cm/cmbx12.pfb></usr/local/tex
live/2016/texmf-dist/fonts/type1/public/amsfonts/cm/cmbx6.pfb></usr/local/texli
ve/2016/texmf-dist/fonts/type1/public/amsfonts/cm/cmbx8.pfb></usr/local/texlive
/2016/texmf-dist/fonts/type1/public/amsfonts/cm/cmex10.pfb></usr/local/texlive/
2016/texmf-dist/fonts/type1/public/amsfonts/cm/cmmi10.pfb></usr/local/texlive/2
016/texmf-dist/fonts/type1/public/amsfonts/cm/cmmi12.pfb></usr/local/texlive/20
16/texmf-dist/fonts/type1/public/amsfonts/cm/cmmi5.pfb></usr/local/texlive/2016
/texmf-dist/fonts/type1/public/amsfonts/cm/cmmi6.pfb></usr/local/texlive/2016/t
exmf-dist/fonts/type1/public/amsfonts/cm/cmmi7.pfb></usr/local/texlive/2016/tex
mf-dist/fonts/type1/public/amsfonts/cm/cmmi8.pfb></usr/local/texlive/2016/texmf
-dist/fonts/type1/public/amsfonts/cm/cmmi9.pfb></usr/local/texlive/2016/texmf-d
ist/fonts/type1/public/amsfonts/cm/cmr10.pfb></usr/local/texlive/2016/texmf-dis
t/fonts/type1/public/amsfonts/cm/cmr12.pfb></usr/local/texlive/2016/texmf-dist/
fonts/type1/public/amsfonts/cm/cmr6.pfb></usr/local/texlive/2016/texmf-dist/fon
ts/type1/public/amsfonts/cm/cmr7.pfb></usr/local/texlive/2016/texmf-dist/fonts/
type1/public/amsfonts/cm/cmr8.pfb></usr/local/texlive/2016/texmf-dist/fonts/typ
e1/public/amsfonts/cm/cmr9.pfb></usr/local/texlive/2016/texmf-dist/fonts/type1/
public/amsfonts/cm/cmss12.pfb></usr/local/texlive/2016/texmf-dist/fonts/type1/p
ublic/amsfonts/cm/cmss8.pfb></usr/local/texlive/2016/texmf-dist/fonts/type1/pub
lic/amsfonts/cm/cmss9.pfb></usr/local/texlive/2016/texmf-dist/fonts/type1/publi
c/amsfonts/cm/cmsy10.pfb></usr/local/texlive/2016/texmf-dist/fonts/type1/public
/amsfonts/cm/cmsy5.pfb></usr/local/texlive/2016/texmf-dist/fonts/type1/public/a
msfonts/cm/cmsy6.pfb></usr/local/texlive/2016/texmf-dist/fonts/type1/public/ams
fonts/cm/cmsy7.pfb></usr/local/texlive/2016/texmf-dist/fonts/type1/public/amsfo
nts/cm/cmsy8.pfb></usr/local/texlive/2016/texmf-dist/fonts/type1/public/amsfont
s/cm/cmsy9.pfb></usr/local/texlive/2016/texmf-dist/fonts/type1/public/amsfonts/
symbols/msam10.pfb></usr/local/texlive/2016/texmf-dist/fonts/type1/urw/courier/
ucrr8a.pfb></usr/local/texlive/2016/texmf-dist/fonts/type1/urw/times/utmb8a.pfb
></usr/local/texlive/2016/texmf-dist/fonts/type1/urw/times/utmr8a.pfb></usr/loc
al/texlive/2016/texmf-dist/fonts/type1/urw/times/utmri8a.pfb>
Output written on tro-ids.pdf (28 pages, 3280108 bytes).
PDF statistics:
 1309 PDF objects out of 1440 (max. 8388607)
 1028 compressed objects within 11 object streams
 78 named destinations out of 1000 (max. 500000)
 596 words of extra memory for PDF output out of 10000 (max. 10000000)

