\BOOKMARK [1][-]{section.1}{Introduction}{}% 1
\BOOKMARK [1][-]{section.2}{A Model of Cooperation Protocols for Physical Agents}{}% 2
\BOOKMARK [1][-]{section.3}{Observer\205based Intrusion Detection Protocol - Local Monitor}{}% 3
\BOOKMARK [2][-]{subsection.3.1}{The Hybrid Observer}{section.3}% 4
\BOOKMARK [3][-]{subsubsection.3.1.1}{Predict Phase}{subsection.3.1}% 5
\BOOKMARK [3][-]{subsubsection.3.1.2}{Update Phase}{subsection.3.1}% 6
\BOOKMARK [2][-]{subsection.3.2}{Occupancy Estimator}{section.3}% 7
\BOOKMARK [1][-]{section.4}{Set\205valued Consensus Protocol for Monitor Agreement}{}% 8
\BOOKMARK [1][-]{section.5}{Application to Automated Transportation Systems in Urban Environment}{}% 9
\BOOKMARK [2][-]{subsection.5.1}{Local Monitors}{section.5}% 10
\BOOKMARK [2][-]{subsection.5.2}{Monitor Agreement via Set\205valued Consensus}{section.5}% 11
\BOOKMARK [1][-]{section.6}{Application to a Real Industrial Automated Warehouse}{}% 12
\BOOKMARK [2][-]{subsection.6.1}{The Warehouse Protocol}{section.6}% 13
\BOOKMARK [2][-]{subsection.6.2}{Monitor Construction}{section.6}% 14
\BOOKMARK [2][-]{subsection.6.3}{Dealing with Corrupted Encoders}{section.6}% 15
\BOOKMARK [2][-]{subsection.6.4}{Simulative Evaluation}{section.6}% 16
\BOOKMARK [2][-]{subsection.6.5}{Experiments in a Real Industrial Plant}{section.6}% 17
\BOOKMARK [1][-]{section.7}{Conclusion}{}% 18
\BOOKMARK [1][-]{section*.2}{Appendix}{}% 19
\BOOKMARK [2][-]{subsection.Appendix.A.1}{Event Estimation with Incomplete, Time\205Varying Visibility}{section*.2}% 20
